Creating destination directory: "C:\dev\play-1.2.5\sampleTest\javadoc\"
Loading source file C:\dev\play-1.2.5\sampleTest\app\controllers\Application.java...
Loading source file C:\dev\play-1.2.5\sampleTest\app\jobs\Bootstrap.java...
Loading source file C:\dev\play-1.2.5\sampleTest\app\models\Message.java...
Loading source file C:\dev\play-1.2.5\sampleTest\app\models\User.java...
Constructing Javadoc information...
Standard Doclet version 1.5.0
Building tree for all the packages and classes...
Generating C:\dev\play-1.2.5\sampleTest\javadoc\jobs/\Bootstrap.html...
Generating C:\dev\play-1.2.5\sampleTest\javadoc\controllers/\Application.html...
Generating C:\dev\play-1.2.5\sampleTest\javadoc\models/\Message.html...
Generating C:\dev\play-1.2.5\sampleTest\javadoc\models/\User.html...
Generating C:\dev\play-1.2.5\sampleTest\javadoc\overview-frame.html...
Generating C:\dev\play-1.2.5\sampleTest\javadoc\controllers/\package-frame.html...
Generating C:\dev\play-1.2.5\sampleTest\javadoc\controllers/\package-summary.html...
Generating C:\dev\play-1.2.5\sampleTest\javadoc\controllers/\package-tree.html...
Generating C:\dev\play-1.2.5\sampleTest\javadoc\jobs/\package-frame.html...
Generating C:\dev\play-1.2.5\sampleTest\javadoc\jobs/\package-summary.html...
Generating C:\dev\play-1.2.5\sampleTest\javadoc\jobs/\package-tree.html...
Generating C:\dev\play-1.2.5\sampleTest\javadoc\models/\package-frame.html...
Generating C:\dev\play-1.2.5\sampleTest\javadoc\models/\package-summary.html...
Generating C:\dev\play-1.2.5\sampleTest\javadoc\models/\package-tree.html...
Generating C:\dev\play-1.2.5\sampleTest\javadoc\constant-values.html...
Generating C:\dev\play-1.2.5\sampleTest\javadoc\serialized-form.html...
Building index for all the packages and classes...
Generating C:\dev\play-1.2.5\sampleTest\javadoc\overview-tree.html...
Generating C:\dev\play-1.2.5\sampleTest\javadoc\index-all.html...
Generating C:\dev\play-1.2.5\sampleTest\javadoc\deprecated-list.html...
Building index for all classes...
Generating C:\dev\play-1.2.5\sampleTest\javadoc\allclasses-frame.html...
Generating C:\dev\play-1.2.5\sampleTest\javadoc\allclasses-noframe.html...
Generating C:\dev\play-1.2.5\sampleTest\javadoc\index.html...
Generating C:\dev\play-1.2.5\sampleTest\javadoc\overview-summary.html...
Generating C:\dev\play-1.2.5\sampleTest\javadoc\help-doc.html...
Generating C:\dev\play-1.2.5\sampleTest\javadoc\stylesheet.css...
